  2D Simulator.cpp
C:\Users\Akshit\Documents\C++\2D Simulator\image.h(248,36): warning C4244: '=': conversion from 'float' to 'short', possible loss of data
C:\Users\Akshit\Documents\C++\2D Simulator\image.h(249,20): warning C4244: '=': conversion from 'float' to 'short', possible loss of data
C:\Users\Akshit\Documents\C++\2D Simulator\image.h(261,13): warning C4244: 'initializing': conversion from 'double' to 'float', possible loss of data
C:\Users\Akshit\Documents\C++\2D Simulator\image.h(297,20): warning C4244: '=': conversion from 'float' to 'unsigned char', possible loss of data
C:\Users\Akshit\Documents\C++\2D Simulator\image.h(298,20): warning C4244: '=': conversion from 'float' to 'unsigned char', possible loss of data
C:\Users\Akshit\Documents\C++\2D Simulator\image.h(299,20): warning C4244: '=': conversion from 'float' to 'unsigned char', possible loss of data
C:\Users\Akshit\Documents\C++\2D Simulator\System.h(55,27): warning C4018: '<': signed/unsigned mismatch
C:\Users\Akshit\Documents\C++\2D Simulator\System.h(60,31): warning C4018: '<': signed/unsigned mismatch
C:\Users\Akshit\Documents\C++\2D Simulator\System.h(67,31): warning C4018: '<': signed/unsigned mismatch
C:\Users\Akshit\Documents\C++\2D Simulator\System.h(74,31): warning C4018: '<': signed/unsigned mismatch
C:\Users\Akshit\Documents\C++\2D Simulator\System.h(79,31): warning C4018: '<': signed/unsigned mismatch
C:\Users\Akshit\Documents\C++\2D Simulator\System.h(84,31): warning C4018: '<': signed/unsigned mismatch
C:\Users\Akshit\Documents\C++\2D Simulator\System.h(89,1): warning C4305: 'initializing': truncation from 'double' to 'float'
C:\Users\Akshit\Documents\C++\2D Simulator\System.h(93,31): warning C4018: '<': signed/unsigned mismatch
C:\Users\Akshit\Documents\C++\2D Simulator\System.h(98,1): warning C4305: 'initializing': truncation from 'double' to 'float'
C:\Users\Akshit\Documents\C++\2D Simulator\System.h(109,27): warning C4018: '<': signed/unsigned mismatch
C:\Users\Akshit\Documents\C++\2D Simulator\System.h(111,19): warning C4244: 'initializing': conversion from 'float' to 'int', possible loss of data
C:\Users\Akshit\Documents\C++\2D Simulator\System.h(112,19): warning C4244: 'initializing': conversion from 'float' to 'int', possible loss of data
C:\Users\Akshit\Documents\C++\2D Simulator\System.h(142,35): warning C4018: '<': signed/unsigned mismatch
C:\Users\Akshit\Documents\C++\2D Simulator\System.h(144,27): warning C4244: 'initializing': conversion from 'float' to 'int', possible loss of data
C:\Users\Akshit\Documents\C++\2D Simulator\System.h(145,27): warning C4244: 'initializing': conversion from 'float' to 'int', possible loss of data
C:\Users\Akshit\Documents\C++\2D Simulator\System.h(169,31): warning C4018: '<': signed/unsigned mismatch
C:\Users\Akshit\Documents\C++\2D Simulator\System.h(180,35): warning C4018: '<': signed/unsigned mismatch
C:\Users\Akshit\Documents\C++\2D Simulator\System.h(187,35): warning C4018: '<': signed/unsigned mismatch
C:\Users\Akshit\Documents\C++\2D Simulator\System.h(194,35): warning C4018: '<': signed/unsigned mismatch
C:\Users\Akshit\Documents\C++\2D Simulator\System.h(199,35): warning C4018: '<': signed/unsigned mismatch
C:\Users\Akshit\Documents\C++\2D Simulator\System.h(204,35): warning C4018: '<': signed/unsigned mismatch
C:\Users\Akshit\Documents\C++\2D Simulator\System.h(209,1): warning C4305: 'initializing': truncation from 'double' to 'float'
C:\Users\Akshit\Documents\C++\2D Simulator\System.h(213,35): warning C4018: '<': signed/unsigned mismatch
C:\Users\Akshit\Documents\C++\2D Simulator\System.h(218,1): warning C4305: 'initializing': truncation from 'double' to 'float'
  2D Simulator.vcxproj -> C:\Users\Akshit\Documents\C++\2D Simulator\Debug\2D Simulator.exe
